TN:
SF:src/main.ts
FN:8,getContractByReferenceId
FN:16,WebhookHandlerBuilder
FN:23,execFlowActions
FN:30,handler
FN:44,setRepository
FN:49,setUseCases
FN:54,setDictRoles
FN:59,addUseCase
FN:64,addActionRole
FN:73,setResponse
FNF:10
FNH:7
FNDA:1,getContractByReferenceId
FNDA:4,WebhookHandlerBuilder
FNDA:2,execFlowActions
FNDA:5,handler
FNDA:1,setRepository
FNDA:0,setUseCases
FNDA:0,setDictRoles
FNDA:1,addUseCase
FNDA:3,addActionRole
FNDA:0,setResponse
DA:1,1
DA:2,1
DA:3,1
DA:4,1
DA:5,1
DA:6,1
DA:7,1
DA:8,1
DA:9,1
DA:10,1
DA:11,1
DA:12,1
DA:13,1
DA:14,1
DA:15,1
DA:16,1
DA:17,4
DA:18,4
DA:19,4
DA:20,4
DA:21,4
DA:22,1
DA:23,1
DA:24,2
DA:25,2
DA:26,3
DA:27,3
DA:28,2
DA:29,1
DA:30,1
DA:31,5
DA:32,5
DA:33,5
DA:34,2
DA:35,2
DA:36,3
DA:37,5
DA:38,1
DA:39,1
DA:40,2
DA:41,2
DA:42,2
DA:43,1
DA:44,1
DA:45,1
DA:46,1
DA:47,1
DA:48,1
DA:49,1
DA:50,0
DA:51,0
DA:52,0
DA:53,1
DA:54,1
DA:55,0
DA:56,0
DA:57,0
DA:58,1
DA:59,1
DA:60,1
DA:61,1
DA:62,1
DA:63,1
DA:64,1
DA:65,3
DA:66,3
DA:67,3
DA:68,3
DA:69,0
DA:70,0
DA:71,0
DA:72,1
DA:73,1
DA:74,0
DA:75,0
DA:76,0
DA:77,1
LF:77
LH:65
BRDA:8,0,0,1
BRDA:16,1,0,4
BRDA:23,2,0,2
BRDA:25,3,0,3
BRDA:30,4,0,5
BRDA:33,5,0,2
BRDA:36,6,0,3
BRDA:37,7,0,1
BRDA:40,8,0,2
BRDA:44,9,0,1
BRDA:59,10,0,1
BRDA:64,11,0,3
BRDA:69,12,0,0
BRF:13
BRH:12
end_of_record
TN:
SF:src/tests/mokes/events.ts
FNF:0
FNH:0
DA:1,1
DA:2,1
DA:3,1
DA:4,1
DA:5,1
DA:6,1
DA:7,1
DA:8,1
DA:9,1
DA:10,1
DA:11,1
DA:12,1
DA:13,1
DA:14,1
DA:15,1
DA:16,1
DA:17,1
DA:18,1
DA:19,1
DA:20,1
DA:21,1
DA:22,1
DA:23,1
DA:24,1
DA:25,1
DA:26,1
DA:27,1
DA:28,1
DA:29,1
DA:30,1
DA:31,1
DA:32,1
DA:33,1
DA:34,1
DA:35,1
DA:36,1
DA:37,1
DA:38,1
DA:39,1
DA:40,1
DA:41,1
DA:42,1
DA:43,1
DA:44,1
DA:45,1
DA:46,1
DA:47,1
DA:48,1
DA:49,1
DA:50,1
DA:51,1
DA:52,1
DA:53,1
DA:54,1
DA:55,1
DA:56,1
DA:57,1
DA:58,1
DA:59,1
DA:60,1
DA:61,1
DA:62,1
DA:63,1
DA:64,1
DA:65,1
DA:66,1
DA:67,1
DA:68,1
DA:69,1
DA:70,1
DA:71,1
DA:72,1
DA:73,1
DA:74,1
DA:75,1
DA:76,1
DA:77,1
DA:78,1
DA:79,1
DA:80,1
DA:81,1
DA:82,1
DA:83,1
DA:84,1
DA:85,1
DA:86,1
DA:87,1
DA:88,1
DA:89,1
DA:90,1
DA:91,1
DA:92,1
DA:93,1
DA:94,1
DA:95,1
DA:96,1
DA:97,1
DA:98,1
DA:99,1
DA:100,1
DA:101,1
DA:102,1
DA:103,1
DA:104,1
DA:105,1
DA:106,1
DA:107,1
DA:108,1
DA:109,1
DA:110,1
DA:111,1
DA:112,1
DA:113,1
DA:114,1
DA:115,1
DA:116,1
DA:117,1
DA:118,1
DA:119,1
DA:120,1
DA:121,1
LF:121
LH:121
BRF:0
BRH:0
end_of_record
TN:
SF:src/tests/mokes/index.ts
FNF:0
FNH:0
DA:1,1
DA:2,1
DA:3,1
LF:3
LH:3
BRF:0
BRH:0
end_of_record
TN:
SF:src/tests/mokes/repository.ts
FN:3,Repository
FN:9,getContractByReferenceId
FN:13,setActive
FN:21,setPending
FNF:4
FNH:4
FNDA:1,Repository
FNDA:4,getContractByReferenceId
FNDA:2,setActive
FNDA:1,setPending
DA:1,1
DA:2,1
DA:3,1
DA:4,1
DA:5,1
DA:6,1
DA:7,1
DA:8,1
DA:9,1
DA:10,4
DA:11,4
DA:12,1
DA:13,1
DA:14,2
DA:15,2
DA:16,2
DA:17,2
DA:18,2
DA:19,2
DA:20,1
DA:21,1
DA:22,1
DA:23,1
DA:24,1
DA:25,1
DA:26,1
DA:27,1
DA:28,1
LF:28
LH:28
BRDA:3,0,0,1
BRDA:9,1,0,4
BRDA:13,2,0,2
BRDA:21,3,0,1
BRF:4
BRH:4
end_of_record
TN:
SF:src/tests/mokes/responsesExpected.ts
FNF:0
FNH:0
DA:1,1
DA:2,1
DA:3,1
DA:4,1
DA:5,1
DA:6,1
DA:7,1
DA:8,1
DA:9,1
DA:10,1
DA:11,1
DA:12,1
DA:13,1
DA:14,1
DA:15,1
DA:16,1
DA:17,1
DA:18,1
DA:19,1
DA:20,1
DA:21,1
DA:22,1
DA:23,1
DA:24,1
DA:25,1
DA:26,1
DA:27,1
DA:28,1
DA:29,1
DA:30,1
DA:31,1
DA:32,1
DA:33,1
DA:34,1
DA:35,1
DA:36,1
DA:37,1
DA:38,1
DA:39,1
DA:40,1
DA:41,1
DA:42,1
DA:43,1
DA:44,1
DA:45,1
DA:46,1
DA:47,1
DA:48,1
DA:49,1
DA:50,1
DA:51,1
DA:52,1
DA:53,1
DA:54,1
DA:55,1
DA:56,1
DA:57,1
DA:58,1
DA:59,1
DA:60,1
DA:61,1
DA:62,1
DA:63,1
DA:64,1
LF:64
LH:64
BRF:0
BRH:0
end_of_record
TN:
SF:src/useCases/activeContract.ts
FN:1,activeContract
FNF:1
FNH:1
FNDA:1,activeContract
DA:1,1
DA:2,1
DA:3,1
DA:4,1
DA:5,1
DA:6,1
LF:6
LH:6
BRDA:1,0,0,1
BRF:1
BRH:1
end_of_record
TN:
SF:src/useCases/cancelContract.ts
FN:1,cancelContract
FNF:1
FNH:1
FNDA:1,cancelContract
DA:1,1
DA:2,1
DA:3,1
DA:4,1
DA:5,1
DA:6,1
LF:6
LH:6
BRDA:1,0,0,1
BRF:1
BRH:1
end_of_record
TN:
SF:src/useCases/cancelPayment.ts
FN:1,cancelPayment
FNF:1
FNH:0
FNDA:0,cancelPayment
DA:1,0
DA:2,0
DA:3,0
DA:4,0
DA:5,0
DA:6,0
DA:7,0
DA:8,0
DA:9,0
LF:9
LH:0
BRF:0
BRH:0
end_of_record
TN:
SF:src/useCases/createInsurancePolicy.ts
FN:1,createInsurancePolicy
FNF:1
FNH:1
FNDA:1,createInsurancePolicy
DA:1,1
DA:2,1
DA:3,1
DA:4,1
DA:5,1
DA:6,1
LF:6
LH:6
BRDA:1,0,0,1
BRF:1
BRH:1
end_of_record
TN:
SF:src/useCases/index.ts
FNF:0
FNH:0
DA:1,1
DA:2,1
DA:3,1
DA:4,1
DA:5,1
DA:6,1
DA:7,1
DA:8,1
DA:9,1
DA:10,1
DA:11,1
DA:12,1
DA:13,1
DA:14,1
DA:15,1
LF:15
LH:15
BRF:0
BRH:0
end_of_record
TN:
SF:src/useCases/refundContract.ts
FN:1,refundContract
FNF:1
FNH:0
FNDA:0,refundContract
DA:1,0
DA:2,0
DA:3,0
DA:4,0
DA:5,0
DA:6,0
DA:7,0
LF:7
LH:0
BRF:0
BRH:0
end_of_record
TN:
SF:src/useCases/refundPayment.ts
FN:1,refundPayment
FNF:1
FNH:0
FNDA:0,refundPayment
DA:1,0
DA:2,0
DA:3,0
DA:4,0
DA:5,0
DA:6,0
DA:7,0
DA:8,0
LF:8
LH:0
BRF:0
BRH:0
end_of_record
